<?xml version="1.0" encoding="UTF-8" ?>
<testsuite tests="3" failures="0" name="AmqpTest" time="0.129" errors="3" skipped="0">
  <properties>
[...]
</properties>
  <testcase classname="AmqpTest" name="testSendMessageWithUniqueID" time="0.094">
    <error message="java.io.IOException" type="org.springframework.amqp.AmqpIOException">org.springframework.amqp.AmqpIOException: java.io.IOException
	at org.springframework.amqp.rabbit.support.RabbitExceptionTranslator.convertRabbitAccessException(RabbitExceptionTranslator.java:71)
	at org.springframework.amqp.rabbit.connection.RabbitAccessor.convertRabbitAccessException(RabbitAccessor.java:113)
	at org.springframework.amqp.rabbit.core.RabbitTemplate.doExecute(RabbitTemplate.java:1878)
	at org.springframework.amqp.rabbit.core.RabbitTemplate.execute(RabbitTemplate.java:1815)
	at org.springframework.amqp.rabbit.core.RabbitTemplate.execute(RabbitTemplate.java:1796)
	at org.springframework.amqp.rabbit.core.RabbitAdmin.declareBinding(RabbitAdmin.java:308)
	at AmqpTest.setUp(AmqpTest.java:35)
	at sun.reflect.NativeMethodAccessorImpl.invoke0(Native Method)
	at sun.reflect.NativeMethodAccessorImpl.invoke(NativeMethodAccessorImpl.java:62)
	at sun.reflect.DelegatingMethodAccessorImpl.invoke(DelegatingMethodAccessorImpl.java:43)
	at java.lang.reflect.Method.invoke(Method.java:497)
	at org.junit.runners.model.FrameworkMethod$1.runReflectiveCall(FrameworkMethod.java:50)
	at org.junit.internal.runners.model.ReflectiveCallable.run(ReflectiveCallable.java:12)
	at org.junit.runners.model.FrameworkMethod.invokeExplosively(FrameworkMethod.java:47)
	at org.junit.internal.runners.statements.RunBefores.evaluate(RunBefores.java:24)
	at org.springframework.test.context.junit4.statements.RunBeforeTestMethodCallbacks.evaluate(RunBeforeTestMethodCallbacks.java:75)
	at org.springframework.test.context.junit4.statements.RunAfterTestMethodCallbacks.evaluate(RunAfterTestMethodCallbacks.java:86)
	at org.springframework.test.context.junit4.statements.SpringRepeat.evaluate(SpringRepeat.java:84)
	at org.junit.runners.ParentRunner.runLeaf(ParentRunner.java:325)
	at org.springframework.test.context.junit4.SpringJUnit4ClassRunner.runChild(SpringJUnit4ClassRunner.java:251)
	at org.springframework.test.context.junit4.SpringJUnit4ClassRunner.runChild(SpringJUnit4ClassRunner.java:97)
	at org.junit.runners.ParentRunner$3.run(ParentRunner.java:290)
	at org.junit.runners.ParentRunner$1.schedule(ParentRunner.java:71)
	at org.junit.runners.ParentRunner.runChildren(ParentRunner.java:288)
	at org.junit.runners.ParentRunner.access$000(ParentRunner.java:58)
	at org.junit.runners.ParentRunner$2.evaluate(ParentRunner.java:268)
	at org.springframework.test.context.junit4.statements.RunBeforeTestClassCallbacks.evaluate(RunBeforeTestClassCallbacks.java:61)
	at org.springframework.test.context.junit4.statements.RunAfterTestClassCallbacks.evaluate(RunAfterTestClassCallbacks.java:70)
	at org.junit.runners.ParentRunner.run(ParentRunner.java:363)
	at org.springframework.test.context.junit4.SpringJUnit4ClassRunner.run(SpringJUnit4ClassRunner.java:190)
	at org.apache.maven.surefire.junit4.JUnit4Provider.execute(JUnit4Provider.java:252)
	at org.apache.maven.surefire.junit4.JUnit4Provider.executeTestSet(JUnit4Provider.java:141)
	at org.apache.maven.surefire.junit4.JUnit4Provider.invoke(JUnit4Provider.java:112)
	at sun.reflect.NativeMethodAccessorImpl.invoke0(Native Method)
	at sun.reflect.NativeMethodAccessorImpl.invoke(NativeMethodAccessorImpl.java:62)
	at sun.reflect.DelegatingMethodAccessorImpl.invoke(DelegatingMethodAccessorImpl.java:43)
	at java.lang.reflect.Method.invoke(Method.java:497)
	at org.apache.maven.surefire.util.ReflectionUtils.invokeMethodWithArray(ReflectionUtils.java:189)
	at org.apache.maven.surefire.booter.ProviderFactory$ProviderProxy.invoke(ProviderFactory.java:165)
	at org.apache.maven.surefire.booter.ProviderFactory.invokeProvider(ProviderFactory.java:85)
	at org.apache.maven.surefire.booter.ForkedBooter.runSuitesInProcess(ForkedBooter.java:115)
	at org.apache.maven.surefire.booter.ForkedBooter.main(ForkedBooter.java:75)
Caused by: java.io.IOException
	at com.rabbitmq.client.impl.AMQChannel.wrap(AMQChannel.java:126)
	at com.rabbitmq.client.impl.AMQChannel.wrap(AMQChannel.java:122)
	at com.rabbitmq.client.impl.AMQChannel.exnWrappingRpc(AMQChannel.java:144)
	at com.rabbitmq.client.impl.ChannelN.queueBind(ChannelN.java:1071)
	at com.rabbitmq.client.impl.ChannelN.queueBind(ChannelN.java:52)
	at org.springframework.amqp.rabbit.support.PublisherCallbackChannelImpl.queueBind(PublisherCallbackChannelImpl.java:342)
	at sun.reflect.NativeMethodAccessorImpl.invoke0(Native Method)
	at sun.reflect.NativeMethodAccessorImpl.invoke(NativeMethodAccessorImpl.java:62)
	at sun.reflect.DelegatingMethodAccessorImpl.invoke(DelegatingMethodAccessorImpl.java:43)
	at java.lang.reflect.Method.invoke(Method.java:497)
	at org.springframework.amqp.rabbit.connection.CachingConnectionFactory$CachedChannelInvocationHandler.invoke(CachingConnectionFactory.java:1032)
	at com.sun.proxy.$Proxy69.queueBind(Unknown Source)
	at org.springframework.amqp.rabbit.core.RabbitAdmin.declareBindings(RabbitAdmin.java:648)
	at org.springframework.amqp.rabbit.core.RabbitAdmin.lambda$declareBinding$6(RabbitAdmin.java:309)
	at org.springframework.amqp.rabbit.core.RabbitTemplate.doExecute(RabbitTemplate.java:1872)
	... 39 more
Caused by: com.rabbitmq.client.ShutdownSignalException: channel error; protocol method: #method&lt;channel.close&gt;(reply-code=404, reply-text=NOT_FOUND - no exchange &apos;spring.topic.exchange&apos; in vhost &apos;/&apos;, class-id=50, method-id=20)
	at com.rabbitmq.utility.ValueOrException.getValue(ValueOrException.java:66)
	at com.rabbitmq.utility.BlockingValueOrException.uninterruptibleGetValue(BlockingValueOrException.java:36)
	at com.rabbitmq.client.impl.AMQChannel$BlockingRpcContinuation.getReply(AMQChannel.java:494)
	at com.rabbitmq.client.impl.AMQChannel.privateRpc(AMQChannel.java:288)
	at com.rabbitmq.client.impl.AMQChannel.exnWrappingRpc(AMQChannel.java:138)
	... 51 more
Caused by: com.rabbitmq.client.ShutdownSignalException: channel error; protocol method: #method&lt;channel.close&gt;(reply-code=404, reply-text=NOT_FOUND - no exchange &apos;spring.topic.exchange&apos; in vhost &apos;/&apos;, class-id=50, method-id=20)
	at com.rabbitmq.client.impl.ChannelN.asyncShutdown(ChannelN.java:516)
	at com.rabbitmq.client.impl.ChannelN.processAsync(ChannelN.java:346)
	at com.rabbitmq.client.impl.AMQChannel.handleCompleteInboundCommand(AMQChannel.java:178)
	at com.rabbitmq.client.impl.AMQChannel.handleFrame(AMQChannel.java:111)
	at com.rabbitmq.client.impl.AMQConnection.readFrame(AMQConnection.java:670)
	at com.rabbitmq.client.impl.AMQConnection.access$300(AMQConnection.java:48)
	at com.rabbitmq.client.impl.AMQConnection$MainLoop.run(AMQConnection.java:597)
	at java.lang.Thread.run(Thread.java:745)
</error>
    <system-out>18:22:44.515 [main] DEBUG org.springframework.test.context.junit4.SpringJUnit4ClassRunner - SpringJUnit4ClassRunner constructor called with [class AmqpTest]
18:22:44.521 [main] DEBUG org.springframework.test.context.BootstrapUtils - Instantiating CacheAwareContextLoaderDelegate from class [org.springframework.test.context.cache.DefaultCacheAwareContextLoaderDelegate]
18:22:44.526 [main] DEBUG org.springframework.test.context.BootstrapUtils - Instantiating BootstrapContext using constructor [public org.springframework.test.context.support.DefaultBootstrapContext(java.lang.Class,org.springframework.test.context.CacheAwareContextLoaderDelegate)]
18:22:44.546 [main] DEBUG org.springframework.test.context.BootstrapUtils - Instantiating TestContextBootstrapper for test class [AmqpTest] from class [org.springframework.boot.test.context.SpringBootTestContextBootstrapper]
18:22:44.560 [main] INFO org.springframework.boot.test.context.SpringBootTestContextBootstrapper - Neither @ContextConfiguration nor @ContextHierarchy found for test class [AmqpTest], using SpringBootContextLoader
18:22:44.563 [main] DEBUG org.springframework.test.context.support.AbstractContextLoader - Did not detect default resource location for test class [AmqpTest]: class path resource [AmqpTest-context.xml] does not exist
18:22:44.563 [main] DEBUG org.springframework.test.context.support.AbstractContextLoader - Did not detect default resource location for test class [AmqpTest]: class path resource [AmqpTestContext.groovy] does not exist
18:22:44.565 [main] INFO org.springframework.test.context.support.AbstractContextLoader - Could not detect default resource locations for test class [AmqpTest]: no resource found for suffixes {-context.xml, Context.groovy}.
18:22:44.595 [main] DEBUG org.springframework.test.context.support.ActiveProfilesUtils - Could not find an &apos;annotation declaring class&apos; for annotation type [org.springframework.test.context.ActiveProfiles] and class [AmqpTest]
18:22:44.707 [main] DEBUG org.springframework.boot.test.context.SpringBootTestContextBootstrapper - @TestExecutionListeners is not present for class [AmqpTest]: using defaults.
18:22:44.708 [main] INFO org.springframework.boot.test.context.SpringBootTestContextBootstrapper - Loaded default TestExecutionListener class names from location [META-INF/spring.factories]: [org.springframework.boot.test.mock.mockito.MockitoTestExecutionListener, org.springframework.boot.test.mock.mockito.ResetMocksTestExecutionListener, org.springframework.boot.test.autoconfigure.restdocs.RestDocsTestExecutionListener, org.springframework.boot.test.autoconfigure.web.client.MockRestServiceServerResetTestExecutionListener, org.springframework.boot.test.autoconfigure.web.servlet.MockMvcPrintOnlyOnFailureTestExecutionListener, org.springframework.boot.test.autoconfigure.web.servlet.WebDriverTestExecutionListener, org.springframework.test.context.web.ServletTestExecutionListener, org.springframework.test.context.support.DirtiesContextBeforeModesTestExecutionListener, org.springframework.test.context.support.DependencyInjectionTestExecutionListener, org.springframework.test.context.support.DirtiesContextTestExecutionListener, org.springframework.test.context.transaction.TransactionalTestExecutionListener, org.springframework.test.context.jdbc.SqlScriptsTestExecutionListener]
18:22:44.714 [main] DEBUG org.springframework.boot.test.context.SpringBootTestContextBootstrapper - Skipping candidate TestExecutionListener [org.springframework.test.context.web.ServletTestExecutionListener] due to a missing dependency. Specify custom listener classes or make the default listener classes and their required dependencies available. Offending class: [javax/servlet/ServletContext]
18:22:44.720 [main] INFO org.springframework.boot.test.context.SpringBootTestContextBootstrapper - Using TestExecutionListeners: [org.springframework.test.context.support.DirtiesContextBeforeModesTestExecutionListener@4567f35d, org.springframework.boot.test.mock.mockito.MockitoTestExecutionListener@5ffead27, org.springframework.boot.test.autoconfigure.SpringBootDependencyInjectionTestExecutionListener@6356695f, org.springframework.test.context.support.DirtiesContextTestExecutionListener@4f18837a, org.springframework.test.context.transaction.TransactionalTestExecutionListener@359f7cdf, org.springframework.test.context.jdbc.SqlScriptsTestExecutionListener@1fa268de, org.springframework.boot.test.mock.mockito.ResetMocksTestExecutionListener@4f6ee6e4, org.springframework.boot.test.autoconfigure.restdocs.RestDocsTestExecutionListener@4466af20, org.springframework.boot.test.autoconfigure.web.client.MockRestServiceServerResetTestExecutionListener@a514af7, org.springframework.boot.test.autoconfigure.web.servlet.MockMvcPrintOnlyOnFailureTestExecutionListener@6b927fb, org.springframework.boot.test.autoconfigure.web.servlet.WebDriverTestExecutionListener@3e58a80e]
18:22:44.721 [main] DEBUG org.springframework.test.annotation.ProfileValueUtils - Retrieved @ProfileValueSourceConfiguration [null] for test class [AmqpTest]
18:22:44.721 [main] DEBUG org.springframework.test.annotation.ProfileValueUtils - Retrieved ProfileValueSource type [class org.springframework.test.annotation.SystemProfileValueSource] for class [AmqpTest]
18:22:44.722 [main] DEBUG org.springframework.test.annotation.ProfileValueUtils - Retrieved @ProfileValueSourceConfiguration [null] for test class [AmqpTest]
18:22:44.722 [main] DEBUG org.springframework.test.annotation.ProfileValueUtils - Retrieved ProfileValueSource type [class org.springframework.test.annotation.SystemProfileValueSource] for class [AmqpTest]
18:22:44.728 [main] DEBUG org.springframework.test.context.support.AbstractDirtiesContextTestExecutionListener - Before test class: context [DefaultTestContext@2d7275fc testClass = AmqpTest, testInstance = [null], testMethod = [null], testException = [null], mergedContextConfiguration = [MergedContextConfiguration@399f45b1 testClass = AmqpTest, locations = &apos;{}&apos;, classes = &apos;{class spring.Application, class spring.Application}&apos;, contextInitializerClasses = &apos;[]&apos;, activeProfiles = &apos;{}&apos;, propertySourceLocations = &apos;{}&apos;, propertySourceProperties = &apos;{org.springframework.boot.test.context.SpringBootTestContextBootstrapper=true}&apos;, contextCustomizers = set[org.springframework.boot.test.context.filter.ExcludeFilterContextCustomizer@2a70a3d8, org.springframework.boot.test.json.DuplicateJsonObjectContextCustomizerFactory$DuplicateJsonObjectContextCustomizer@17d0685f, org.springframework.boot.test.mock.mockito.MockitoContextCustomizer@0, org.springframework.boot.test.web.client.TestRestTemplateContextCustomizer@5c072e3f, org.springframework.boot.test.autoconfigure.properties.PropertyMappingContextCustomizer@0, org.springframework.boot.test.autoconfigure.web.servlet.WebDriverContextCustomizerFactory$Customizer@4fcd19b3], contextLoader = &apos;org.springframework.boot.test.context.SpringBootContextLoader&apos;, parent = [null]], attributes = map[[empty]]], class annotated with @DirtiesContext [false] with mode [null].
18:22:44.729 [main] DEBUG org.springframework.test.annotation.ProfileValueUtils - Retrieved @ProfileValueSourceConfiguration [null] for test class [AmqpTest]
18:22:44.729 [main] DEBUG org.springframework.test.annotation.ProfileValueUtils - Retrieved ProfileValueSource type [class org.springframework.test.annotation.SystemProfileValueSource] for class [AmqpTest]
18:22:44.732 [main] DEBUG org.springframework.test.context.support.DependencyInjectionTestExecutionListener - Performing dependency injection for test context [[DefaultTestContext@2d7275fc testClass = AmqpTest, testInstance = AmqpTest@7f0eb4b4, testMethod = [null], testException = [null], mergedContextConfiguration = [MergedContextConfiguration@399f45b1 testClass = AmqpTest, locations = &apos;{}&apos;, classes = &apos;{class spring.Application, class spring.Application}&apos;, contextInitializerClasses = &apos;[]&apos;, activeProfiles = &apos;{}&apos;, propertySourceLocations = &apos;{}&apos;, propertySourceProperties = &apos;{org.springframework.boot.test.context.SpringBootTestContextBootstrapper=true}&apos;, contextCustomizers = set[org.springframework.boot.test.context.filter.ExcludeFilterContextCustomizer@2a70a3d8, org.springframework.boot.test.json.DuplicateJsonObjectContextCustomizerFactory$DuplicateJsonObjectContextCustomizer@17d0685f, org.springframework.boot.test.mock.mockito.MockitoContextCustomizer@0, org.springframework.boot.test.web.client.TestRestTemplateContextCustomizer@5c072e3f, org.springframework.boot.test.autoconfigure.properties.PropertyMappingContextCustomizer@0, org.springframework.boot.test.autoconfigure.web.servlet.WebDriverContextCustomizerFactory$Customizer@4fcd19b3], contextLoader = &apos;org.springframework.boot.test.context.SpringBootContextLoader&apos;, parent = [null]], attributes = map[[empty]]]].
18:22:44.746 [main] DEBUG org.springframework.core.env.StandardEnvironment - Adding PropertySource &apos;systemProperties&apos; with lowest search precedence
18:22:44.747 [main] DEBUG org.springframework.core.env.StandardEnvironment - Adding PropertySource &apos;systemEnvironment&apos; with lowest search precedence
18:22:44.748 [main] DEBUG org.springframework.core.env.StandardEnvironment - Initialized StandardEnvironment with PropertySources [MapPropertySource@728885526 {name=&apos;systemProperties&apos;, properties={java.runtime.name=Java(TM) SE Runtime Environment, sun.boot.library.path=C:\Program Files\Java\jdk1.8.0_66\jre\bin, java.vm.version=25.66-b18, java.vm.vendor=Oracle Corporation, java.vendor.url=http://java.oracle.com/, path.separator=;, java.vm.name=Java HotSpot(TM) 64-Bit Server VM, file.encoding.pkg=sun.io, user.country=CN, user.script=, sun.java.launcher=SUN_STANDARD, sun.os.patch.level=, java.vm.specification.name=Java Virtual Machine Specification, user.dir=D:\Program Files (x86)\ideaWork\message-service\srping-rabbitmq-demo, java.runtime.version=1.8.0_66-b18, basedir=D:\Program Files (x86)\ideaWork\message-service\srping-rabbitmq-demo, java.awt.graphicsenv=sun.awt.Win32GraphicsEnvironment, java.endorsed.dirs=C:\Program Files\Java\jdk1.8.0_66\jre\lib\endorsed, os.arch=amd64, surefire.real.class.path=D:\Program Files (x86)\ideaWork\message-service\srping-rabbitmq-demo\target\surefire\surefirebooter3359553818382392292.jar, java.io.tmpdir=C:\Users\ADMINI~1\AppData\Local\Temp\, line.separator=
, java.vm.specification.vendor=Oracle Corporation, user.variant=, os.name=Windows 10, sun.jnu.encoding=GBK, java.library.path=C:\Program Files\Java\jdk1.8.0_66\jre\bin;C:\WINDOWS\Sun\Java\bin;C:\WINDOWS\system32;C:\WINDOWS;&quot;C:\Program Files\Java\jdk1.8.0_66\bin;C:\Program Files\Java\jdk1.8.0_66\jre\bin&quot;;C:\ProgramData\Oracle\Java\javapath;C:\WINDOWS\system32;C:\WINDOWS;C:\WINDOWS\System32\Wbem;C:\WINDOWS\System32\WindowsPowerShell\v1.0\;D:\Program Files (x86)\apache-maven-3.6.2\bin\;C:\WINDOWS\System32\OpenSSH\;C:\Program Files\MacType;C:\Program Files\Microsoft VS Code\bin;C:\Program Files\MongoDB\Server\4.2\bin;D:\Program Files (x86)\zookeeper\zookeeper-3.4.14\bin\;C:\Program Files\Microsoft VS Code\bin;C:\Users\Administrator\AppData\Local\GitHubDesktop\bin;C:\Users\Administrator\AppData\Local\Microsoft\WindowsApps;C:\Users\Administrator\AppData\Local\Microsoft\WindowsApps;;., surefire.test.class.path=D:\Program Files (x86)\ideaWork\message-service\srping-rabbitmq-demo\target\test-classes;D:\Program Files (x86)\ideaWork\message-service\srping-rabbitmq-demo\target\classes;D:\Program Files (x86)\mavenJar\org\springframework\amqp\spring-rabbit\2.0.11.RELEASE\spring-rabbit-2.0.11.RELEASE.jar;D:\Program Files (x86)\mavenJar\org\springframework\amqp\spring-amqp\2.0.11.RELEASE\spring-amqp-2.0.11.RELEASE.jar;D:\Program Files (x86)\mavenJar\org\springframework\retry\spring-retry\1.2.3.RELEASE\spring-retry-1.2.3.RELEASE.jar;D:\Program Files (x86)\mavenJar\com\rabbitmq\amqp-client\5.4.3\amqp-client-5.4.3.jar;D:\Program Files (x86)\mavenJar\org\slf4j\slf4j-api\1.7.25\slf4j-api-1.7.25.jar;D:\Program Files (x86)\mavenJar\org\springframework\spring-context\5.0.12.RELEASE\spring-context-5.0.12.RELEASE.jar;D:\Program Files (x86)\mavenJar\org\springframework\spring-aop\5.0.12.RELEASE\spring-aop-5.0.12.RELEASE.jar;D:\Program Files (x86)\mavenJar\org\springframework\spring-beans\5.0.12.RELEASE\spring-beans-5.0.12.RELEASE.jar;D:\Program Files (x86)\mavenJar\org\springframework\spring-expression\5.0.12.RELEASE\spring-expression-5.0.12.RELEASE.jar;D:\Program Files (x86)\mavenJar\org\springframework\spring-messaging\5.0.12.RELEASE\spring-messaging-5.0.12.RELEASE.jar;D:\Program Files (x86)\mavenJar\org\springframework\spring-tx\5.0.12.RELEASE\spring-tx-5.0.12.RELEASE.jar;D:\Program Files (x86)\mavenJar\org\springframework\spring-web\5.0.12.RELEASE\spring-web-5.0.12.RELEASE.jar;D:\Program Files (x86)\mavenJar\org\springframework\boot\spring-boot-starter\2.0.8.RELEASE\spring-boot-starter-2.0.8.RELEASE.jar;D:\Program Files (x86)\mavenJar\org\springframework\boot\spring-boot\2.0.8.RELEASE\spring-boot-2.0.8.RELEASE.jar;D:\Program Files (x86)\mavenJar\org\springframework\boot\spring-boot-autoconfigure\2.0.8.RELEASE\spring-boot-autoconfigure-2.0.8.RELEASE.jar;D:\Program Files (x86)\mavenJar\org\springframework\boot\spring-boot-starter-logging\2.0.8.RELEASE\spring-boot-starter-logging-2.0.8.RELEASE.jar;D:\Program Files (x86)\mavenJar\ch\qos\logback\logback-classic\1.2.3\logback-classic-1.2.3.jar;D:\Program Files (x86)\mavenJar\ch\qos\logback\logback-core\1.2.3\logback-core-1.2.3.jar;D:\Program Files (x86)\mavenJar\org\apache\logging\log4j\log4j-to-slf4j\2.10.0\log4j-to-slf4j-2.10.0.jar;D:\Program Files (x86)\mavenJar\org\apache\logging\log4j\log4j-api\2.10.0\log4j-api-2.10.0.jar;D:\Program Files (x86)\mavenJar\org\slf4j\jul-to-slf4j\1.7.25\jul-to-slf4j-1.7.25.jar;D:\Program Files (x86)\mavenJar\javax\annotation\javax.annotation-api\1.3.2\javax.annotation-api-1.3.2.jar;D:\Program Files (x86)\mavenJar\org\springframework\spring-core\5.0.12.RELEASE\spring-core-5.0.12.RELEASE.jar;D:\Program Files (x86)\mavenJar\org\springframework\spring-jcl\5.0.12.RELEASE\spring-jcl-5.0.12.RELEASE.jar;D:\Program Files (x86)\mavenJar\org\yaml\snakeyaml\1.19\snakeyaml-1.19.jar;D:\Program Files (x86)\mavenJar\com\alibaba\fastjson\1.2.58\fastjson-1.2.58.jar;D:\Program Files (x86)\mavenJar\com\fasterxml\jackson\core\jackson-databind\2.9.9\jackson-databind-2.9.9.jar;D:\Program Files (x86)\mavenJar\com\fasterxml\jackson\core\jackson-annotations\2.9.0\jackson-annotations-2.9.0.jar;D:\Program Files (x86)\mavenJar\com\fasterxml\jackson\core\jackson-core\2.9.8\jackson-core-2.9.8.jar;D:\Program Files (x86)\mavenJar\org\springframework\boot\spring-boot-starter-test\2.0.8.RELEASE\spring-boot-starter-test-2.0.8.RELEASE.jar;D:\Program Files (x86)\mavenJar\org\springframework\boot\spring-boot-test\2.0.8.RELEASE\spring-boot-test-2.0.8.RELEASE.jar;D:\Program Files (x86)\mavenJar\org\springframework\boot\spring-boot-test-autoconfigure\2.0.8.RELEASE\spring-boot-test-autoconfigure-2.0.8.RELEASE.jar;D:\Program Files (x86)\mavenJar\com\jayway\jsonpath\json-path\2.4.0\json-path-2.4.0.jar;D:\Program Files (x86)\mavenJar\net\minidev\json-smart\2.3\json-smart-2.3.jar;D:\Program Files (x86)\mavenJar\net\minidev\accessors-smart\1.2\accessors-smart-1.2.jar;D:\Program Files (x86)\mavenJar\org\ow2\asm\asm\5.0.4\asm-5.0.4.jar;D:\Program Files (x86)\mavenJar\junit\junit\4.12\junit-4.12.jar;D:\Program Files (x86)\mavenJar\org\assertj\assertj-core\3.9.1\assertj-core-3.9.1.jar;D:\Program Files (x86)\mavenJar\org\mockito\mockito-core\2.15.0\mockito-core-2.15.0.jar;D:\Program Files (x86)\mavenJar\net\bytebuddy\byte-buddy\1.7.11\byte-buddy-1.7.11.jar;D:\Program Files (x86)\mavenJar\net\bytebuddy\byte-buddy-agent\1.7.11\byte-buddy-agent-1.7.11.jar;D:\Program Files (x86)\mavenJar\org\objenesis\objenesis\2.6\objenesis-2.6.jar;D:\Program Files (x86)\mavenJar\org\hamcrest\hamcrest-core\1.3\hamcrest-core-1.3.jar;D:\Program Files (x86)\mavenJar\org\hamcrest\hamcrest-library\1.3\hamcrest-library-1.3.jar;D:\Program Files (x86)\mavenJar\org\skyscreamer\jsonassert\1.5.0\jsonassert-1.5.0.jar;D:\Program Files (x86)\mavenJar\com\vaadin\external\google\android-json\0.0.20131108.vaadin1\android-json-0.0.20131108.vaadin1.jar;D:\Program Files (x86)\mavenJar\org\springframework\spring-test\5.0.12.RELEASE\spring-test-5.0.12.RELEASE.jar;D:\Program Files (x86)\mavenJar\org\xmlunit\xmlunit-core\2.5.1\xmlunit-core-2.5.1.jar;, java.specification.name=Java Platform API Specification, java.class.version=52.0, sun.management.compiler=HotSpot 64-Bit Tiered Compilers, os.version=10.0, user.home=C:\Users\Administrator, user.timezone=Asia/Shanghai, java.awt.printerjob=sun.awt.windows.WPrinterJob, file.encoding=GBK, java.specification.version=1.8, idea.version2019.2.3=true, java.class.path=D:\Program Files (x86)\ideaWork\message-service\srping-rabbitmq-demo\target\test-classes;D:\Program Files (x86)\ideaWork\message-service\srping-rabbitmq-demo\target\classes;D:\Program Files (x86)\mavenJar\org\springframework\amqp\spring-rabbit\2.0.11.RELEASE\spring-rabbit-2.0.11.RELEASE.jar;D:\Program Files (x86)\mavenJar\org\springframework\amqp\spring-amqp\2.0.11.RELEASE\spring-amqp-2.0.11.RELEASE.jar;D:\Program Files (x86)\mavenJar\org\springframework\retry\spring-retry\1.2.3.RELEASE\spring-retry-1.2.3.RELEASE.jar;D:\Program Files (x86)\mavenJar\com\rabbitmq\amqp-client\5.4.3\amqp-client-5.4.3.jar;D:\Program Files (x86)\mavenJar\org\slf4j\slf4j-api\1.7.25\slf4j-api-1.7.25.jar;D:\Program Files (x86)\mavenJar\org\springframework\spring-context\5.0.12.RELEASE\spring-context-5.0.12.RELEASE.jar;D:\Program Files (x86)\mavenJar\org\springframework\spring-aop\5.0.12.RELEASE\spring-aop-5.0.12.RELEASE.jar;D:\Program Files (x86)\mavenJar\org\springframework\spring-beans\5.0.12.RELEASE\spring-beans-5.0.12.RELEASE.jar;D:\Program Files (x86)\mavenJar\org\springframework\spring-expression\5.0.12.RELEASE\spring-expression-5.0.12.RELEASE.jar;D:\Program Files (x86)\mavenJar\org\springframework\spring-messaging\5.0.12.RELEASE\spring-messaging-5.0.12.RELEASE.jar;D:\Program Files (x86)\mavenJar\org\springframework\spring-tx\5.0.12.RELEASE\spring-tx-5.0.12.RELEASE.jar;D:\Program Files (x86)\mavenJar\org\springframework\spring-web\5.0.12.RELEASE\spring-web-5.0.12.RELEASE.jar;D:\Program Files (x86)\mavenJar\org\springframework\boot\spring-boot-starter\2.0.8.RELEASE\spring-boot-starter-2.0.8.RELEASE.jar;D:\Program Files (x86)\mavenJar\org\springframework\boot\spring-boot\2.0.8.RELEASE\spring-boot-2.0.8.RELEASE.jar;D:\Program Files (x86)\mavenJar\org\springframework\boot\spring-boot-autoconfigure\2.0.8.RELEASE\spring-boot-autoconfigure-2.0.8.RELEASE.jar;D:\Program Files (x86)\mavenJar\org\springframework\boot\spring-boot-starter-logging\2.0.8.RELEASE\spring-boot-starter-logging-2.0.8.RELEASE.jar;D:\Program Files (x86)\mavenJar\ch\qos\logback\logback-classic\1.2.3\logback-classic-1.2.3.jar;D:\Program Files (x86)\mavenJar\ch\qos\logback\logback-core\1.2.3\logback-core-1.2.3.jar;D:\Program Files (x86)\mavenJar\org\apache\logging\log4j\log4j-to-slf4j\2.10.0\log4j-to-slf4j-2.10.0.jar;D:\Program Files (x86)\mavenJar\org\apache\logging\log4j\log4j-api\2.10.0\log4j-api-2.10.0.jar;D:\Program Files (x86)\mavenJar\org\slf4j\jul-to-slf4j\1.7.25\jul-to-slf4j-1.7.25.jar;D:\Program Files (x86)\mavenJar\javax\annotation\javax.annotation-api\1.3.2\javax.annotation-api-1.3.2.jar;D:\Program Files (x86)\mavenJar\org\springframework\spring-core\5.0.12.RELEASE\spring-core-5.0.12.RELEASE.jar;D:\Program Files (x86)\mavenJar\org\springframework\spring-jcl\5.0.12.RELEASE\spring-jcl-5.0.12.RELEASE.jar;D:\Program Files (x86)\mavenJar\org\yaml\snakeyaml\1.19\snakeyaml-1.19.jar;D:\Program Files (x86)\mavenJar\com\alibaba\fastjson\1.2.58\fastjson-1.2.58.jar;D:\Program Files (x86)\mavenJar\com\fasterxml\jackson\core\jackson-databind\2.9.9\jackson-databind-2.9.9.jar;D:\Program Files (x86)\mavenJar\com\fasterxml\jackson\core\jackson-annotations\2.9.0\jackson-annotations-2.9.0.jar;D:\Program Files (x86)\mavenJar\com\fasterxml\jackson\core\jackson-core\2.9.8\jackson-core-2.9.8.jar;D:\Program Files (x86)\mavenJar\org\springframework\boot\spring-boot-starter-test\2.0.8.RELEASE\spring-boot-starter-test-2.0.8.RELEASE.jar;D:\Program Files (x86)\mavenJar\org\springframework\boot\spring-boot-test\2.0.8.RELEASE\spring-boot-test-2.0.8.RELEASE.jar;D:\Program Files (x86)\mavenJar\org\springframework\boot\spring-boot-test-autoconfigure\2.0.8.RELEASE\spring-boot-test-autoconfigure-2.0.8.RELEASE.jar;D:\Program Files (x86)\mavenJar\com\jayway\jsonpath\json-path\2.4.0\json-path-2.4.0.jar;D:\Program Files (x86)\mavenJar\net\minidev\json-smart\2.3\json-smart-2.3.jar;D:\Program Files (x86)\mavenJar\net\minidev\accessors-smart\1.2\accessors-smart-1.2.jar;D:\Program Files (x86)\mavenJar\org\ow2\asm\asm\5.0.4\asm-5.0.4.jar;D:\Program Files (x86)\mavenJar\junit\junit\4.12\junit-4.12.jar;D:\Program Files (x86)\mavenJar\org\assertj\assertj-core\3.9.1\assertj-core-3.9.1.jar;D:\Program Files (x86)\mavenJar\org\mockito\mockito-core\2.15.0\mockito-core-2.15.0.jar;D:\Program Files (x86)\mavenJar\net\bytebuddy\byte-buddy\1.7.11\byte-buddy-1.7.11.jar;D:\Program Files (x86)\mavenJar\net\bytebuddy\byte-buddy-agent\1.7.11\byte-buddy-agent-1.7.11.jar;D:\Program Files (x86)\mavenJar\org\objenesis\objenesis\2.6\objenesis-2.6.jar;D:\Program Files (x86)\mavenJar\org\hamcrest\hamcrest-core\1.3\hamcrest-core-1.3.jar;D:\Program Files (x86)\mavenJar\org\hamcrest\hamcrest-library\1.3\hamcrest-library-1.3.jar;D:\Program Files (x86)\mavenJar\org\skyscreamer\jsonassert\1.5.0\jsonassert-1.5.0.jar;D:\Program Files (x86)\mavenJar\com\vaadin\external\google\android-json\0.0.20131108.vaadin1\android-json-0.0.20131108.vaadin1.jar;D:\Program Files (x86)\mavenJar\org\springframework\spring-test\5.0.12.RELEASE\spring-test-5.0.12.RELEASE.jar;D:\Program Files (x86)\mavenJar\org\xmlunit\xmlunit-core\2.5.1\xmlunit-core-2.5.1.jar;, user.name=Administrator, java.vm.specification.version=1.8, sun.java.command=D:\Program Files (x86)\ideaWork\message-service\srping-rabbitmq-demo\target\surefire\surefirebooter3359553818382392292.jar D:\Program Files (x86)\ideaWork\message-service\srping-rabbitmq-demo\target\surefire\surefire1938006323233283938tmp D:\Program Files (x86)\ideaWork\message-service\srping-rabbitmq-demo\target\surefire\surefire_04875539078207097744tmp, java.home=C:\Program Files\Java\jdk1.8.0_66\jre, sun.arch.data.model=64, user.language=zh, java.specification.vendor=Oracle Corporation, awt.toolkit=sun.awt.windows.WToolkit, java.vm.info=mixed mode, java.version=1.8.0_66, java.ext.dirs=C:\Program Files\Java\jdk1.8.0_66\jre\lib\ext;C:\WINDOWS\Sun\Java\lib\ext, sun.boot.class.path=C:\Program Files\Java\jdk1.8.0_66\jre\lib\resources.jar;C:\Program Files\Java\jdk1.8.0_66\jre\lib\rt.jar;C:\Program Files\Java\jdk1.8.0_66\jre\lib\sunrsasign.jar;C:\Program Files\Java\jdk1.8.0_66\jre\lib\jsse.jar;C:\Program Files\Java\jdk1.8.0_66\jre\lib\jce.jar;C:\Program Files\Java\jdk1.8.0_66\jre\lib\charsets.jar;C:\Program Files\Java\jdk1.8.0_66\jre\lib\jfr.jar;C:\Program Files\Java\jdk1.8.0_66\jre\classes, java.vendor=Oracle Corporation, localRepository=D:\Program Files (x86)\mavenJar, file.separator=\, java.vendor.url.bug=http://bugreport.sun.com/bugreport/, sun.io.unicode.encoding=UnicodeLittle, sun.cpu.endian=little, sun.desktop=windows, sun.cpu.isalist=amd64}}, SystemEnvironmentPropertySource@922511709 {name=&apos;systemEnvironment&apos;, properties={PATH=&quot;C:\Program Files\Java\jdk1.8.0_66\bin;C:\Program Files\Java\jdk1.8.0_66\jre\bin&quot;;C:\ProgramData\Oracle\Java\javapath;C:\WINDOWS\system32;C:\WINDOWS;C:\WINDOWS\System32\Wbem;C:\WINDOWS\System32\WindowsPowerShell\v1.0\;D:\Program Files (x86)\apache-maven-3.6.2\bin\;C:\WINDOWS\System32\OpenSSH\;C:\Program Files\MacType;C:\Program Files\Microsoft VS Code\bin;C:\Program Files\MongoDB\Server\4.2\bin;D:\Program Files (x86)\zookeeper\zookeeper-3.4.14\bin\;C:\Program Files\Microsoft VS Code\bin;C:\Users\Administrator\AppData\Local\GitHubDesktop\bin;C:\Users\Administrator\AppData\Local\Microsoft\WindowsApps;C:\Users\Administrator\AppData\Local\Microsoft\WindowsApps;, USERDOMAIN_ROAMINGPROFILE=PC-20171021PPQN, PROCESSOR_LEVEL=6, SYSTEMDRIVE=C:, FP_NO_HOST_CHECK=NO, SESSIONNAME=Console, ALLUSERSPROFILE=C:\ProgramData, LNKEVN=C:\Program Files (x86)\Internet Explorer\iexplore.exe, PROCESSOR_ARCHITECTURE=AMD64, DRIVERDATA=C:\Windows\System32\Drivers\DriverData, MAVEN_HOME=D:\Program Files (x86)\apache-maven-3.6.2, PROGRAMFILES=C:\Program Files, PSMODULEPATH=C:\WINDOWS\system32\WindowsPowerShell\v1.0\Modules\, PROGRAMDATA=C:\ProgramData, USERNAME=Administrator, FPS_BROWSER_USER_PROFILE_STRING=Default, ONEDRIVE=C:\Users\Administrator\OneDrive, PATHEXT=.COM;.EXE;.BAT;.CMD;.VBS;.VBE;.JS;.JSE;.WSF;.WSH;.MSC, WINDIR=C:\WINDOWS, HOMEPATH=\Users\Administrator, PROCESSOR_IDENTIFIER=Intel64 Family 6 Model 158 Stepping 9, GenuineIntel, WINDOWS_TRACING_LOGFILE=C:\BVTBin\Tests\installpackage\csilogfile.log, PUBLIC=C:\Users\Public, =::=::\, LOCALAPPDATA=C:\Users\Administrator\AppData\Local, COMMONPROGRAMFILES(X86)=C:\Program Files (x86)\Common Files, USERDOMAIN=PC-20171021PPQN, FPS_BROWSER_APP_PROFILE_STRING=Internet Explorer, LOGONSERVER=\\PC-20171021PPQN, JAVA_HOME=C:\Program Files\Java\jdk1.8.0_66, PROMPT=$P$G, PROGRAMFILES(X86)=C:\Program Files (x86), WINDOWS_TRACING_FLAGS=3, APPDATA=C:\Users\Administrator\AppData\Roaming, PROGRAMW6432=C:\Program Files, SYSTEMROOT=C:\WINDOWS, PROG27B48B2C053=1, OS=Windows_NT, ZK_HOME=D:\Program Files (x86)\zookeeper\zookeeper-3.4.14, COMMONPROGRAMW6432=C:\Program Files\Common Files, COMPUTERNAME=PC-20171021PPQN, COMMONPROGRAMFILES=C:\Program Files\Common Files, COMSPEC=C:\WINDOWS\system32\cmd.exe, PROCESSOR_REVISION=9e09, CLASSPATH=.;C:\Program Files\Java\jdk1.8.0_66\lib;C:\Program Files\Java\jdk1.8.0_66\lib\tools.jar, =D:=D:\Program Files (x86)\ideaWork\message-service\srping-rabbitmq-demo, TEMP=C:\Users\ADMINI~1\AppData\Local\Temp, HOMEDRIVE=C:, USERPROFILE=C:\Users\Administrator, TMP=C:\Users\ADMINI~1\AppData\Local\Temp, NUMBER_OF_PROCESSORS=4, IDEA_INITIAL_DIRECTORY=C:\Users\Administrator\Desktop}}]
18:22:44.753 [main] DEBUG org.springframework.test.context.support.TestPropertySourceUtils - Adding inlined properties to environment: {spring.jmx.enabled=false, org.springframework.boot.test.context.SpringBootTestContextBootstrapper=true, server.port=-1}
18:22:44.753 [main] DEBUG org.springframework.core.env.StandardEnvironment - Adding PropertySource &apos;Inlined Test Properties&apos; with highest search precedence

  .   ____          _            __ _ _
 /\\ / ___&apos;_ __ _ _(_)_ __  __ _ \ \ \ \
( ( )\___ | &apos;_ | &apos;_| | &apos;_ \/ _` | \ \ \ \
 \\/  ___)| |_)| | | | | || (_| |  ) ) ) )
  &apos;  |____| .__|_| |_|_| |_\__, | / / / /
 =========|_|==============|___/=/_/_/_/
 :: Spring Boot ::        (v2.0.8.RELEASE)

2019-11-06 18:22:44.991  INFO 4796 --- [           main] AmqpTest                                 : Starting AmqpTest on PC-20171021PPQN with PID 4796 (started by Administrator in D:\Program Files (x86)\ideaWork\message-service\srping-rabbitmq-demo)
2019-11-06 18:22:44.993  INFO 4796 --- [           main] AmqpTest                                 : No active profile set, falling back to default profiles: default
2019-11-06 18:22:45.013  INFO 4796 --- [           main] s.c.a.AnnotationConfigApplicationContext : Refreshing org.springframework.context.annotation.AnnotationConfigApplicationContext@5d0a1059: startup date [Wed Nov 06 18:22:45 CST 2019]; root of context hierarchy
2019-11-06 18:22:45.518  INFO 4796 --- [           main] trationDelegate$BeanPostProcessorChecker : Bean &apos;org.springframework.amqp.rabbit.annotation.RabbitBootstrapConfiguration&apos; of type [org.springframework.amqp.rabbit.annotation.RabbitBootstrapConfiguration$$EnhancerBySpringCGLIB$$b6c7f6ad] is not eligible for getting processed by all BeanPostProcessors (for example: not eligible for auto-proxying)
2019-11-06 18:22:46.174  INFO 4796 --- [           main] o.s.c.support.DefaultLifecycleProcessor  : Starting beans in phase 2147483647
2019-11-06 18:22:46.187  INFO 4796 --- [cTaskExecutor-1] o.s.a.r.c.CachingConnectionFactory       : Attempting to connect to: [localhost:5672]
2019-11-06 18:22:46.251  INFO 4796 --- [cTaskExecutor-1] o.s.a.r.c.CachingConnectionFactory       : Created new connection: connectionFactory#61bcd567:0/SimpleConnection@4048eb3 [delegate=amqp://admin@127.0.0.1:5672/, localPort= 51843]
2019-11-06 18:22:46.416  INFO 4796 --- [           main] AmqpTest                                 : Started AmqpTest in 1.659 seconds (JVM running for 2.276)
2019-11-06 18:22:46.506 ERROR 4796 --- [ 127.0.0.1:5672] o.s.a.r.c.CachingConnectionFactory       : Channel shutdown: channel error; protocol method: #method&lt;channel.close&gt;(reply-code=404, reply-text=NOT_FOUND - no exchange &apos;spring.topic.exchange&apos; in vhost &apos;/&apos;, class-id=50, method-id=20)
</system-out>
  </testcase>
  <testcase classname="AmqpTest" name="testSendMessage" time="0.021">
    <error message="java.io.IOException" type="org.springframework.amqp.AmqpIOException">org.springframework.amqp.AmqpIOException: java.io.IOException
	at org.springframework.amqp.rabbit.support.RabbitExceptionTranslator.convertRabbitAccessException(RabbitExceptionTranslator.java:71)
	at org.springframework.amqp.rabbit.connection.RabbitAccessor.convertRabbitAccessException(RabbitAccessor.java:113)
	at org.springframework.amqp.rabbit.core.RabbitTemplate.doExecute(RabbitTemplate.java:1878)
	at org.springframework.amqp.rabbit.core.RabbitTemplate.execute(RabbitTemplate.java:1815)
	at org.springframework.amqp.rabbit.core.RabbitTemplate.execute(RabbitTemplate.java:1796)
	at org.springframework.amqp.rabbit.core.RabbitAdmin.declareBinding(RabbitAdmin.java:308)
	at AmqpTest.setUp(AmqpTest.java:35)
	at sun.reflect.NativeMethodAccessorImpl.invoke0(Native Method)
	at sun.reflect.NativeMethodAccessorImpl.invoke(NativeMethodAccessorImpl.java:62)
	at sun.reflect.DelegatingMethodAccessorImpl.invoke(DelegatingMethodAccessorImpl.java:43)
	at java.lang.reflect.Method.invoke(Method.java:497)
	at org.junit.runners.model.FrameworkMethod$1.runReflectiveCall(FrameworkMethod.java:50)
	at org.junit.internal.runners.model.ReflectiveCallable.run(ReflectiveCallable.java:12)
	at org.junit.runners.model.FrameworkMethod.invokeExplosively(FrameworkMethod.java:47)
	at org.junit.internal.runners.statements.RunBefores.evaluate(RunBefores.java:24)
	at org.springframework.test.context.junit4.statements.RunBeforeTestMethodCallbacks.evaluate(RunBeforeTestMethodCallbacks.java:75)
	at org.springframework.test.context.junit4.statements.RunAfterTestMethodCallbacks.evaluate(RunAfterTestMethodCallbacks.java:86)
	at org.springframework.test.context.junit4.statements.SpringRepeat.evaluate(SpringRepeat.java:84)
	at org.junit.runners.ParentRunner.runLeaf(ParentRunner.java:325)
	at org.springframework.test.context.junit4.SpringJUnit4ClassRunner.runChild(SpringJUnit4ClassRunner.java:251)
	at org.springframework.test.context.junit4.SpringJUnit4ClassRunner.runChild(SpringJUnit4ClassRunner.java:97)
	at org.junit.runners.ParentRunner$3.run(ParentRunner.java:290)
	at org.junit.runners.ParentRunner$1.schedule(ParentRunner.java:71)
	at org.junit.runners.ParentRunner.runChildren(ParentRunner.java:288)
	at org.junit.runners.ParentRunner.access$000(ParentRunner.java:58)
	at org.junit.runners.ParentRunner$2.evaluate(ParentRunner.java:268)
	at org.springframework.test.context.junit4.statements.RunBeforeTestClassCallbacks.evaluate(RunBeforeTestClassCallbacks.java:61)
	at org.springframework.test.context.junit4.statements.RunAfterTestClassCallbacks.evaluate(RunAfterTestClassCallbacks.java:70)
	at org.junit.runners.ParentRunner.run(ParentRunner.java:363)
	at org.springframework.test.context.junit4.SpringJUnit4ClassRunner.run(SpringJUnit4ClassRunner.java:190)
	at org.apache.maven.surefire.junit4.JUnit4Provider.execute(JUnit4Provider.java:252)
	at org.apache.maven.surefire.junit4.JUnit4Provider.executeTestSet(JUnit4Provider.java:141)
	at org.apache.maven.surefire.junit4.JUnit4Provider.invoke(JUnit4Provider.java:112)
	at sun.reflect.NativeMethodAccessorImpl.invoke0(Native Method)
	at sun.reflect.NativeMethodAccessorImpl.invoke(NativeMethodAccessorImpl.java:62)
	at sun.reflect.DelegatingMethodAccessorImpl.invoke(DelegatingMethodAccessorImpl.java:43)
	at java.lang.reflect.Method.invoke(Method.java:497)
	at org.apache.maven.surefire.util.ReflectionUtils.invokeMethodWithArray(ReflectionUtils.java:189)
	at org.apache.maven.surefire.booter.ProviderFactory$ProviderProxy.invoke(ProviderFactory.java:165)
	at org.apache.maven.surefire.booter.ProviderFactory.invokeProvider(ProviderFactory.java:85)
	at org.apache.maven.surefire.booter.ForkedBooter.runSuitesInProcess(ForkedBooter.java:115)
	at org.apache.maven.surefire.booter.ForkedBooter.main(ForkedBooter.java:75)
Caused by: java.io.IOException
	at com.rabbitmq.client.impl.AMQChannel.wrap(AMQChannel.java:126)
	at com.rabbitmq.client.impl.AMQChannel.wrap(AMQChannel.java:122)
	at com.rabbitmq.client.impl.AMQChannel.exnWrappingRpc(AMQChannel.java:144)
	at com.rabbitmq.client.impl.ChannelN.queueBind(ChannelN.java:1071)
	at com.rabbitmq.client.impl.ChannelN.queueBind(ChannelN.java:52)
	at org.springframework.amqp.rabbit.support.PublisherCallbackChannelImpl.queueBind(PublisherCallbackChannelImpl.java:342)
	at sun.reflect.NativeMethodAccessorImpl.invoke0(Native Method)
	at sun.reflect.NativeMethodAccessorImpl.invoke(NativeMethodAccessorImpl.java:62)
	at sun.reflect.DelegatingMethodAccessorImpl.invoke(DelegatingMethodAccessorImpl.java:43)
	at java.lang.reflect.Method.invoke(Method.java:497)
	at org.springframework.amqp.rabbit.connection.CachingConnectionFactory$CachedChannelInvocationHandler.invoke(CachingConnectionFactory.java:1032)
	at com.sun.proxy.$Proxy69.queueBind(Unknown Source)
	at org.springframework.amqp.rabbit.core.RabbitAdmin.declareBindings(RabbitAdmin.java:648)
	at org.springframework.amqp.rabbit.core.RabbitAdmin.lambda$declareBinding$6(RabbitAdmin.java:309)
	at org.springframework.amqp.rabbit.core.RabbitTemplate.doExecute(RabbitTemplate.java:1872)
	... 39 more
Caused by: com.rabbitmq.client.ShutdownSignalException: channel error; protocol method: #method&lt;channel.close&gt;(reply-code=404, reply-text=NOT_FOUND - no exchange &apos;spring.topic.exchange&apos; in vhost &apos;/&apos;, class-id=50, method-id=20)
	at com.rabbitmq.utility.ValueOrException.getValue(ValueOrException.java:66)
	at com.rabbitmq.utility.BlockingValueOrException.uninterruptibleGetValue(BlockingValueOrException.java:36)
	at com.rabbitmq.client.impl.AMQChannel$BlockingRpcContinuation.getReply(AMQChannel.java:494)
	at com.rabbitmq.client.impl.AMQChannel.privateRpc(AMQChannel.java:288)
	at com.rabbitmq.client.impl.AMQChannel.exnWrappingRpc(AMQChannel.java:138)
	... 51 more
Caused by: com.rabbitmq.client.ShutdownSignalException: channel error; protocol method: #method&lt;channel.close&gt;(reply-code=404, reply-text=NOT_FOUND - no exchange &apos;spring.topic.exchange&apos; in vhost &apos;/&apos;, class-id=50, method-id=20)
	at com.rabbitmq.client.impl.ChannelN.asyncShutdown(ChannelN.java:516)
	at com.rabbitmq.client.impl.ChannelN.processAsync(ChannelN.java:346)
	at com.rabbitmq.client.impl.AMQChannel.handleCompleteInboundCommand(AMQChannel.java:178)
	at com.rabbitmq.client.impl.AMQChannel.handleFrame(AMQChannel.java:111)
	at com.rabbitmq.client.impl.AMQConnection.readFrame(AMQConnection.java:670)
	at com.rabbitmq.client.impl.AMQConnection.access$300(AMQConnection.java:48)
	at com.rabbitmq.client.impl.AMQConnection$MainLoop.run(AMQConnection.java:597)
	at java.lang.Thread.run(Thread.java:745)
</error>
    <system-out>2019-11-06 18:22:46.532 ERROR 4796 --- [ 127.0.0.1:5672] o.s.a.r.c.CachingConnectionFactory       : Channel shutdown: channel error; protocol method: #method&lt;channel.close&gt;(reply-code=404, reply-text=NOT_FOUND - no exchange &apos;spring.topic.exchange&apos; in vhost &apos;/&apos;, class-id=50, method-id=20)
</system-out>
  </testcase>
  <testcase classname="AmqpTest" name="testSendMessageWithPojo" time="0.014">
    <error message="java.io.IOException" type="org.springframework.amqp.AmqpIOException">org.springframework.amqp.AmqpIOException: java.io.IOException
	at org.springframework.amqp.rabbit.support.RabbitExceptionTranslator.convertRabbitAccessException(RabbitExceptionTranslator.java:71)
	at org.springframework.amqp.rabbit.connection.RabbitAccessor.convertRabbitAccessException(RabbitAccessor.java:113)
	at org.springframework.amqp.rabbit.core.RabbitTemplate.doExecute(RabbitTemplate.java:1878)
	at org.springframework.amqp.rabbit.core.RabbitTemplate.execute(RabbitTemplate.java:1815)
	at org.springframework.amqp.rabbit.core.RabbitTemplate.execute(RabbitTemplate.java:1796)
	at org.springframework.amqp.rabbit.core.RabbitAdmin.declareBinding(RabbitAdmin.java:308)
	at AmqpTest.setUp(AmqpTest.java:35)
	at sun.reflect.NativeMethodAccessorImpl.invoke0(Native Method)
	at sun.reflect.NativeMethodAccessorImpl.invoke(NativeMethodAccessorImpl.java:62)
	at sun.reflect.DelegatingMethodAccessorImpl.invoke(DelegatingMethodAccessorImpl.java:43)
	at java.lang.reflect.Method.invoke(Method.java:497)
	at org.junit.runners.model.FrameworkMethod$1.runReflectiveCall(FrameworkMethod.java:50)
	at org.junit.internal.runners.model.ReflectiveCallable.run(ReflectiveCallable.java:12)
	at org.junit.runners.model.FrameworkMethod.invokeExplosively(FrameworkMethod.java:47)
	at org.junit.internal.runners.statements.RunBefores.evaluate(RunBefores.java:24)
	at org.springframework.test.context.junit4.statements.RunBeforeTestMethodCallbacks.evaluate(RunBeforeTestMethodCallbacks.java:75)
	at org.springframework.test.context.junit4.statements.RunAfterTestMethodCallbacks.evaluate(RunAfterTestMethodCallbacks.java:86)
	at org.springframework.test.context.junit4.statements.SpringRepeat.evaluate(SpringRepeat.java:84)
	at org.junit.runners.ParentRunner.runLeaf(ParentRunner.java:325)
	at org.springframework.test.context.junit4.SpringJUnit4ClassRunner.runChild(SpringJUnit4ClassRunner.java:251)
	at org.springframework.test.context.junit4.SpringJUnit4ClassRunner.runChild(SpringJUnit4ClassRunner.java:97)
	at org.junit.runners.ParentRunner$3.run(ParentRunner.java:290)
	at org.junit.runners.ParentRunner$1.schedule(ParentRunner.java:71)
	at org.junit.runners.ParentRunner.runChildren(ParentRunner.java:288)
	at org.junit.runners.ParentRunner.access$000(ParentRunner.java:58)
	at org.junit.runners.ParentRunner$2.evaluate(ParentRunner.java:268)
	at org.springframework.test.context.junit4.statements.RunBeforeTestClassCallbacks.evaluate(RunBeforeTestClassCallbacks.java:61)
	at org.springframework.test.context.junit4.statements.RunAfterTestClassCallbacks.evaluate(RunAfterTestClassCallbacks.java:70)
	at org.junit.runners.ParentRunner.run(ParentRunner.java:363)
	at org.springframework.test.context.junit4.SpringJUnit4ClassRunner.run(SpringJUnit4ClassRunner.java:190)
	at org.apache.maven.surefire.junit4.JUnit4Provider.execute(JUnit4Provider.java:252)
	at org.apache.maven.surefire.junit4.JUnit4Provider.executeTestSet(JUnit4Provider.java:141)
	at org.apache.maven.surefire.junit4.JUnit4Provider.invoke(JUnit4Provider.java:112)
	at sun.reflect.NativeMethodAccessorImpl.invoke0(Native Method)
	at sun.reflect.NativeMethodAccessorImpl.invoke(NativeMethodAccessorImpl.java:62)
	at sun.reflect.DelegatingMethodAccessorImpl.invoke(DelegatingMethodAccessorImpl.java:43)
	at java.lang.reflect.Method.invoke(Method.java:497)
	at org.apache.maven.surefire.util.ReflectionUtils.invokeMethodWithArray(ReflectionUtils.java:189)
	at org.apache.maven.surefire.booter.ProviderFactory$ProviderProxy.invoke(ProviderFactory.java:165)
	at org.apache.maven.surefire.booter.ProviderFactory.invokeProvider(ProviderFactory.java:85)
	at org.apache.maven.surefire.booter.ForkedBooter.runSuitesInProcess(ForkedBooter.java:115)
	at org.apache.maven.surefire.booter.ForkedBooter.main(ForkedBooter.java:75)
Caused by: java.io.IOException
	at com.rabbitmq.client.impl.AMQChannel.wrap(AMQChannel.java:126)
	at com.rabbitmq.client.impl.AMQChannel.wrap(AMQChannel.java:122)
	at com.rabbitmq.client.impl.AMQChannel.exnWrappingRpc(AMQChannel.java:144)
	at com.rabbitmq.client.impl.ChannelN.queueBind(ChannelN.java:1071)
	at com.rabbitmq.client.impl.ChannelN.queueBind(ChannelN.java:52)
	at org.springframework.amqp.rabbit.support.PublisherCallbackChannelImpl.queueBind(PublisherCallbackChannelImpl.java:342)
	at sun.reflect.NativeMethodAccessorImpl.invoke0(Native Method)
	at sun.reflect.NativeMethodAccessorImpl.invoke(NativeMethodAccessorImpl.java:62)
	at sun.reflect.DelegatingMethodAccessorImpl.invoke(DelegatingMethodAccessorImpl.java:43)
	at java.lang.reflect.Method.invoke(Method.java:497)
	at org.springframework.amqp.rabbit.connection.CachingConnectionFactory$CachedChannelInvocationHandler.invoke(CachingConnectionFactory.java:1032)
	at com.sun.proxy.$Proxy69.queueBind(Unknown Source)
	at org.springframework.amqp.rabbit.core.RabbitAdmin.declareBindings(RabbitAdmin.java:648)
	at org.springframework.amqp.rabbit.core.RabbitAdmin.lambda$declareBinding$6(RabbitAdmin.java:309)
	at org.springframework.amqp.rabbit.core.RabbitTemplate.doExecute(RabbitTemplate.java:1872)
	... 39 more
Caused by: com.rabbitmq.client.ShutdownSignalException: channel error; protocol method: #method&lt;channel.close&gt;(reply-code=404, reply-text=NOT_FOUND - no exchange &apos;spring.topic.exchange&apos; in vhost &apos;/&apos;, class-id=50, method-id=20)
	at com.rabbitmq.utility.ValueOrException.getValue(ValueOrException.java:66)
	at com.rabbitmq.utility.BlockingValueOrException.uninterruptibleGetValue(BlockingValueOrException.java:36)
	at com.rabbitmq.client.impl.AMQChannel$BlockingRpcContinuation.getReply(AMQChannel.java:494)
	at com.rabbitmq.client.impl.AMQChannel.privateRpc(AMQChannel.java:288)
	at com.rabbitmq.client.impl.AMQChannel.exnWrappingRpc(AMQChannel.java:138)
	... 51 more
Caused by: com.rabbitmq.client.ShutdownSignalException: channel error; protocol method: #method&lt;channel.close&gt;(reply-code=404, reply-text=NOT_FOUND - no exchange &apos;spring.topic.exchange&apos; in vhost &apos;/&apos;, class-id=50, method-id=20)
	at com.rabbitmq.client.impl.ChannelN.asyncShutdown(ChannelN.java:516)
	at com.rabbitmq.client.impl.ChannelN.processAsync(ChannelN.java:346)
	at com.rabbitmq.client.impl.AMQChannel.handleCompleteInboundCommand(AMQChannel.java:178)
	at com.rabbitmq.client.impl.AMQChannel.handleFrame(AMQChannel.java:111)
	at com.rabbitmq.client.impl.AMQConnection.readFrame(AMQConnection.java:670)
	at com.rabbitmq.client.impl.AMQConnection.access$300(AMQConnection.java:48)
	at com.rabbitmq.client.impl.AMQConnection$MainLoop.run(AMQConnection.java:597)
	at java.lang.Thread.run(Thread.java:745)
</error>
    <system-out>2019-11-06 18:22:46.542 ERROR 4796 --- [ 127.0.0.1:5672] o.s.a.r.c.CachingConnectionFactory       : Channel shutdown: channel error; protocol method: #method&lt;channel.close&gt;(reply-code=404, reply-text=NOT_FOUND - no exchange &apos;spring.topic.exchange&apos; in vhost &apos;/&apos;, class-id=50, method-id=20)
</system-out>
  </testcase>
</testsuite>